{"contracts/Candidates.sol":{"l":{"18":15,"22":0,"23":0,"27":0,"42":10,"43":10,"44":10,"45":10,"57":1,"58":1,"59":1,"60":1,"61":1,"74":4,"75":4,"76":0,"78":4},"path":"/home/armmarov/Work/voting_smart_contract/contracts/Candidates.sol","s":{"1":15,"2":0,"3":0,"4":10,"5":10,"6":10,"7":1,"8":1,"9":1,"10":1,"11":4,"12":4,"13":0,"14":4},"b":{"1":[0,0],"2":[10,0],"3":[1,0],"4":[1,0],"5":[4,0],"6":[0,4]},"f":{"1":15,"2":0,"3":0,"4":10,"5":1,"6":4},"fnMap":{"1":{"name":"constructor","line":15,"loc":{"start":{"line":15,"column":4},"end":{"line":17,"column":5}}},"2":{"name":"onlyOwner","line":21,"loc":{"start":{"line":21,"column":4},"end":{"line":21,"column":22}}},"3":{"name":"_onlyOwner","line":26,"loc":{"start":{"line":26,"column":4},"end":{"line":26,"column":37}}},"4":{"name":"addToCandidate","line":40,"loc":{"start":{"line":40,"column":12},"end":{"line":41,"column":5}}},"5":{"name":"removeFromCandidate","line":55,"loc":{"start":{"line":55,"column":12},"end":{"line":56,"column":5}}},"6":{"name":"isCandidateListed","line":69,"loc":{"start":{"line":69,"column":4},"end":{"line":73,"column":5}}}},"statementMap":{"1":{"start":{"line":18,"column":8},"end":{"line":18,"column":25}},"2":{"start":{"line":22,"column":8},"end":{"line":22,"column":19}},"3":{"start":{"line":27,"column":8},"end":{"line":27,"column":472}},"4":{"start":{"line":42,"column":8},"end":{"line":42,"column":56}},"5":{"start":{"line":43,"column":8},"end":{"line":43,"column":40}},"6":{"start":{"line":45,"column":8},"end":{"line":45,"column":37}},"7":{"start":{"line":57,"column":8},"end":{"line":57,"column":56}},"8":{"start":{"line":58,"column":8},"end":{"line":58,"column":74}},"9":{"start":{"line":59,"column":8},"end":{"line":59,"column":41}},"10":{"start":{"line":61,"column":8},"end":{"line":61,"column":39}},"11":{"start":{"line":74,"column":8},"end":{"line":74,"column":56}},"12":{"start":{"line":75,"column":8},"end":{"line":75,"column":1608}},"13":{"start":{"line":76,"column":12},"end":{"line":76,"column":24}},"14":{"start":{"line":78,"column":8},"end":{"line":78,"column":41}}},"branchMap":{"1":{"line":27,"type":"if","locations":[{"start":{"line":27,"column":8},"end":{"line":27,"column":8}},{"start":{"line":27,"column":8},"end":{"line":27,"column":8}}]},"2":{"line":42,"type":"if","locations":[{"start":{"line":42,"column":8},"end":{"line":42,"column":8}},{"start":{"line":42,"column":8},"end":{"line":42,"column":8}}]},"3":{"line":57,"type":"if","locations":[{"start":{"line":57,"column":8},"end":{"line":57,"column":8}},{"start":{"line":57,"column":8},"end":{"line":57,"column":8}}]},"4":{"line":58,"type":"if","locations":[{"start":{"line":58,"column":8},"end":{"line":58,"column":8}},{"start":{"line":58,"column":8},"end":{"line":58,"column":8}}]},"5":{"line":74,"type":"if","locations":[{"start":{"line":74,"column":8},"end":{"line":74,"column":8}},{"start":{"line":74,"column":8},"end":{"line":74,"column":8}}]},"6":{"line":75,"type":"if","locations":[{"start":{"line":75,"column":8},"end":{"line":75,"column":8}},{"start":{"line":75,"column":8},"end":{"line":75,"column":8}}]}}},"contracts/DataStructure.sol":{"l":{},"path":"/home/armmarov/Work/voting_smart_contract/contracts/DataStructure.sol","s":{},"b":{},"f":{},"fnMap":{},"statementMap":{},"branchMap":{}},"contracts/Voters.sol":{"l":{"18":15,"22":0,"23":0,"27":0,"42":5,"43":5,"44":5,"45":5,"57":1,"58":1,"59":1,"60":1,"61":1,"74":4,"75":4,"76":0,"78":4},"path":"/home/armmarov/Work/voting_smart_contract/contracts/Voters.sol","s":{"1":15,"2":0,"3":0,"4":5,"5":5,"6":5,"7":1,"8":1,"9":1,"10":1,"11":4,"12":4,"13":0,"14":4},"b":{"1":[0,0],"2":[5,0],"3":[1,0],"4":[1,0],"5":[4,0],"6":[0,4]},"f":{"1":15,"2":0,"3":0,"4":5,"5":1,"6":4},"fnMap":{"1":{"name":"constructor","line":15,"loc":{"start":{"line":15,"column":4},"end":{"line":17,"column":5}}},"2":{"name":"onlyOwner","line":21,"loc":{"start":{"line":21,"column":4},"end":{"line":21,"column":22}}},"3":{"name":"_onlyOwner","line":26,"loc":{"start":{"line":26,"column":4},"end":{"line":26,"column":37}}},"4":{"name":"addToVoter","line":40,"loc":{"start":{"line":40,"column":12},"end":{"line":41,"column":5}}},"5":{"name":"removeFromVoter","line":55,"loc":{"start":{"line":55,"column":12},"end":{"line":56,"column":5}}},"6":{"name":"isVoterListed","line":69,"loc":{"start":{"line":69,"column":4},"end":{"line":73,"column":5}}}},"statementMap":{"1":{"start":{"line":18,"column":8},"end":{"line":18,"column":25}},"2":{"start":{"line":22,"column":8},"end":{"line":22,"column":19}},"3":{"start":{"line":27,"column":8},"end":{"line":27,"column":444}},"4":{"start":{"line":42,"column":8},"end":{"line":42,"column":56}},"5":{"start":{"line":43,"column":8},"end":{"line":43,"column":36}},"6":{"start":{"line":45,"column":8},"end":{"line":45,"column":33}},"7":{"start":{"line":57,"column":8},"end":{"line":57,"column":56}},"8":{"start":{"line":58,"column":8},"end":{"line":58,"column":66}},"9":{"start":{"line":59,"column":8},"end":{"line":59,"column":37}},"10":{"start":{"line":61,"column":8},"end":{"line":61,"column":35}},"11":{"start":{"line":74,"column":8},"end":{"line":74,"column":56}},"12":{"start":{"line":75,"column":8},"end":{"line":75,"column":1528}},"13":{"start":{"line":76,"column":12},"end":{"line":76,"column":24}},"14":{"start":{"line":78,"column":8},"end":{"line":78,"column":37}}},"branchMap":{"1":{"line":27,"type":"if","locations":[{"start":{"line":27,"column":8},"end":{"line":27,"column":8}},{"start":{"line":27,"column":8},"end":{"line":27,"column":8}}]},"2":{"line":42,"type":"if","locations":[{"start":{"line":42,"column":8},"end":{"line":42,"column":8}},{"start":{"line":42,"column":8},"end":{"line":42,"column":8}}]},"3":{"line":57,"type":"if","locations":[{"start":{"line":57,"column":8},"end":{"line":57,"column":8}},{"start":{"line":57,"column":8},"end":{"line":57,"column":8}}]},"4":{"line":58,"type":"if","locations":[{"start":{"line":58,"column":8},"end":{"line":58,"column":8}},{"start":{"line":58,"column":8},"end":{"line":58,"column":8}}]},"5":{"line":74,"type":"if","locations":[{"start":{"line":74,"column":8},"end":{"line":74,"column":8}},{"start":{"line":74,"column":8},"end":{"line":74,"column":8}}]},"6":{"line":75,"type":"if","locations":[{"start":{"line":75,"column":8},"end":{"line":75,"column":8}},{"start":{"line":75,"column":8},"end":{"line":75,"column":8}}]}}},"contracts/Voting.sol":{"l":{"17":15,"21":34,"22":34,"26":34,"33":16,"34":16,"38":16,"45":8,"46":8,"50":8,"57":3,"58":3,"62":3,"69":0,"70":0,"74":0,"81":0,"82":0,"86":0,"93":0,"94":0,"98":0,"105":5,"106":5,"110":5,"111":5,"112":6,"113":5,"114":5,"117":5,"124":8,"125":8,"129":8,"130":8,"131":3,"132":0,"133":0,"136":8,"143":3,"144":3,"148":3,"149":3,"150":1,"151":0,"152":0,"155":3,"162":3,"163":3,"167":3,"189":8,"190":8,"191":8,"192":8,"193":8,"194":8,"196":8,"210":1,"212":1,"230":1,"248":1,"263":8,"265":8,"279":1,"281":1,"282":1,"283":1,"284":1,"288":1,"289":1,"291":1,"293":1,"309":3,"310":3,"312":3,"328":1},"path":"/home/armmarov/Work/voting_smart_contract/contracts/Voting.sol","s":{"1":15,"2":34,"3":34,"4":16,"5":16,"6":8,"7":8,"8":3,"9":3,"10":0,"11":0,"12":0,"13":0,"14":0,"15":0,"16":5,"17":5,"18":5,"19":6,"20":5,"21":5,"22":8,"23":8,"24":8,"25":3,"26":0,"27":8,"28":3,"29":3,"30":3,"31":1,"32":0,"33":3,"34":3,"35":3,"36":8,"37":8,"38":8,"39":8,"40":8,"41":8,"42":8,"43":1,"44":1,"45":1,"46":1,"47":8,"48":8,"49":1,"50":1,"51":1,"52":1,"53":1,"54":1,"55":3,"56":3,"57":1},"b":{"1":[34,0],"2":[16,0],"3":[8,0],"4":[3,0],"5":[0,0],"6":[0,0],"7":[0,0],"8":[5,1],"9":[5,0],"10":[0,3],"11":[8,0],"12":[0,1],"13":[3,0],"14":[3,0],"15":[1,0],"16":[1,0]},"f":{"1":15,"2":34,"3":34,"4":16,"5":16,"6":8,"7":8,"8":3,"9":3,"10":0,"11":0,"12":0,"13":0,"14":0,"15":0,"16":5,"17":5,"18":8,"19":8,"20":3,"21":3,"22":3,"23":3,"24":8,"25":1,"26":1,"27":1,"28":8,"29":1,"30":3,"31":1},"fnMap":{"1":{"name":"constructor","line":14,"loc":{"start":{"line":14,"column":4},"end":{"line":16,"column":5}}},"2":{"name":"onlyOwner","line":20,"loc":{"start":{"line":20,"column":4},"end":{"line":20,"column":22}}},"3":{"name":"_onlyOwner","line":25,"loc":{"start":{"line":25,"column":4},"end":{"line":25,"column":37}}},"4":{"name":"existedEvent","line":32,"loc":{"start":{"line":32,"column":4},"end":{"line":32,"column":38}}},"5":{"name":"_existedEvent","line":37,"loc":{"start":{"line":37,"column":4},"end":{"line":37,"column":53}}},"6":{"name":"nonExistedEvent","line":44,"loc":{"start":{"line":44,"column":4},"end":{"line":44,"column":41}}},"7":{"name":"_nonExistedEvent","line":49,"loc":{"start":{"line":49,"column":4},"end":{"line":49,"column":56}}},"8":{"name":"existedVoter","line":56,"loc":{"start":{"line":56,"column":4},"end":{"line":56,"column":38}}},"9":{"name":"_existedVoter","line":61,"loc":{"start":{"line":61,"column":4},"end":{"line":61,"column":53}}},"10":{"name":"nonExistedVoter","line":68,"loc":{"start":{"line":68,"column":4},"end":{"line":68,"column":41}}},"11":{"name":"_nonExistedVoter","line":73,"loc":{"start":{"line":73,"column":4},"end":{"line":73,"column":56}}},"12":{"name":"existedCandidate","line":80,"loc":{"start":{"line":80,"column":4},"end":{"line":80,"column":46}}},"13":{"name":"_existedCandidate","line":85,"loc":{"start":{"line":85,"column":4},"end":{"line":85,"column":61}}},"14":{"name":"nonExistedCandidate","line":92,"loc":{"start":{"line":92,"column":4},"end":{"line":92,"column":49}}},"15":{"name":"_nonExistedCandidate","line":97,"loc":{"start":{"line":97,"column":4},"end":{"line":97,"column":64}}},"16":{"name":"existedCandidateEvent","line":104,"loc":{"start":{"line":104,"column":4},"end":{"line":104,"column":66}}},"17":{"name":"_existedCandidateEvent","line":109,"loc":{"start":{"line":109,"column":4},"end":{"line":109,"column":81}}},"18":{"name":"nonExistedCandidateEvent","line":123,"loc":{"start":{"line":123,"column":4},"end":{"line":123,"column":69}}},"19":{"name":"_nonExistedCandidateEvent","line":128,"loc":{"start":{"line":128,"column":4},"end":{"line":128,"column":84}}},"20":{"name":"onlyOnceVoting","line":142,"loc":{"start":{"line":142,"column":4},"end":{"line":142,"column":40}}},"21":{"name":"_onlyOnceVoting","line":147,"loc":{"start":{"line":147,"column":4},"end":{"line":147,"column":55}}},"22":{"name":"checkEndDate","line":161,"loc":{"start":{"line":161,"column":4},"end":{"line":161,"column":38}}},"23":{"name":"_checkEndDate","line":166,"loc":{"start":{"line":166,"column":4},"end":{"line":166,"column":53}}},"24":{"name":"registerEvent","line":187,"loc":{"start":{"line":187,"column":58},"end":{"line":188,"column":5}}},"25":{"name":"getEventByName","line":207,"loc":{"start":{"line":207,"column":55},"end":{"line":209,"column":5}}},"26":{"name":"getEventByID","line":227,"loc":{"start":{"line":227,"column":22},"end":{"line":229,"column":5}}},"27":{"name":"getCandidatesByEventID","line":245,"loc":{"start":{"line":245,"column":22},"end":{"line":247,"column":5}}},"28":{"name":"addCandidateToEvent","line":260,"loc":{"start":{"line":260,"column":45},"end":{"line":261,"column":5}}},"29":{"name":"removeCandidateFromEvent","line":277,"loc":{"start":{"line":277,"column":42},"end":{"line":278,"column":5}}},"30":{"name":"castVoting","line":307,"loc":{"start":{"line":307,"column":22},"end":{"line":308,"column":5}}},"31":{"name":"getResultByCandidate","line":325,"loc":{"start":{"line":325,"column":42},"end":{"line":327,"column":5}}}},"statementMap":{"1":{"start":{"line":17,"column":8},"end":{"line":17,"column":25}},"2":{"start":{"line":21,"column":8},"end":{"line":21,"column":19}},"3":{"start":{"line":26,"column":8},"end":{"line":26,"column":541}},"4":{"start":{"line":33,"column":8},"end":{"line":33,"column":27}},"5":{"start":{"line":38,"column":8},"end":{"line":38,"column":789}},"6":{"start":{"line":45,"column":8},"end":{"line":45,"column":30}},"7":{"start":{"line":50,"column":8},"end":{"line":50,"column":1072}},"8":{"start":{"line":57,"column":8},"end":{"line":57,"column":27}},"9":{"start":{"line":62,"column":8},"end":{"line":62,"column":1350}},"10":{"start":{"line":69,"column":8},"end":{"line":69,"column":30}},"11":{"start":{"line":74,"column":8},"end":{"line":74,"column":1628}},"12":{"start":{"line":81,"column":8},"end":{"line":81,"column":35}},"13":{"start":{"line":86,"column":8},"end":{"line":86,"column":1926}},"14":{"start":{"line":93,"column":8},"end":{"line":93,"column":38}},"15":{"start":{"line":98,"column":8},"end":{"line":98,"column":2240}},"16":{"start":{"line":105,"column":8},"end":{"line":105,"column":47}},"17":{"start":{"line":110,"column":8},"end":{"line":110,"column":28}},"18":{"start":{"line":111,"column":8},"end":{"line":111,"column":2632}},"19":{"start":{"line":112,"column":12},"end":{"line":112,"column":2714}},"20":{"start":{"line":113,"column":16},"end":{"line":113,"column":29}},"21":{"start":{"line":117,"column":8},"end":{"line":117,"column":2851}},"22":{"start":{"line":124,"column":8},"end":{"line":124,"column":50}},"23":{"start":{"line":129,"column":8},"end":{"line":129,"column":28}},"24":{"start":{"line":130,"column":8},"end":{"line":130,"column":3222}},"25":{"start":{"line":131,"column":12},"end":{"line":131,"column":3304}},"26":{"start":{"line":132,"column":16},"end":{"line":132,"column":29}},"27":{"start":{"line":136,"column":8},"end":{"line":136,"column":3441}},"28":{"start":{"line":143,"column":8},"end":{"line":143,"column":29}},"29":{"start":{"line":148,"column":8},"end":{"line":148,"column":28}},"30":{"start":{"line":149,"column":8},"end":{"line":149,"column":3739}},"31":{"start":{"line":150,"column":12},"end":{"line":150,"column":3817}},"32":{"start":{"line":151,"column":16},"end":{"line":151,"column":29}},"33":{"start":{"line":155,"column":8},"end":{"line":155,"column":3951}},"34":{"start":{"line":162,"column":8},"end":{"line":162,"column":27}},"35":{"start":{"line":167,"column":8},"end":{"line":167,"column":4208}},"36":{"start":{"line":189,"column":8},"end":{"line":189,"column":62}},"37":{"start":{"line":190,"column":8},"end":{"line":190,"column":43}},"38":{"start":{"line":191,"column":8},"end":{"line":191,"column":49}},"39":{"start":{"line":192,"column":8},"end":{"line":192,"column":47}},"40":{"start":{"line":193,"column":8},"end":{"line":193,"column":49}},"41":{"start":{"line":194,"column":8},"end":{"line":194,"column":65}},"42":{"start":{"line":196,"column":8},"end":{"line":196,"column":30}},"43":{"start":{"line":210,"column":8},"end":{"line":210,"column":62}},"44":{"start":{"line":212,"column":8},"end":{"line":212,"column":5645}},"45":{"start":{"line":230,"column":8},"end":{"line":230,"column":6182}},"46":{"start":{"line":248,"column":8},"end":{"line":248,"column":45}},"47":{"start":{"line":263,"column":8},"end":{"line":263,"column":53}},"48":{"start":{"line":265,"column":8},"end":{"line":265,"column":43}},"49":{"start":{"line":279,"column":8},"end":{"line":279,"column":77}},"50":{"start":{"line":281,"column":8},"end":{"line":281,"column":16}},"51":{"start":{"line":282,"column":8},"end":{"line":282,"column":7653}},"52":{"start":{"line":283,"column":12},"end":{"line":283,"column":7736}},"53":{"start":{"line":288,"column":8},"end":{"line":288,"column":118}},"54":{"start":{"line":293,"column":8},"end":{"line":293,"column":45}},"55":{"start":{"line":310,"column":8},"end":{"line":310,"column":50}},"56":{"start":{"line":312,"column":8},"end":{"line":312,"column":40}},"57":{"start":{"line":328,"column":8},"end":{"line":328,"column":60}}},"branchMap":{"1":{"line":26,"type":"if","locations":[{"start":{"line":26,"column":8},"end":{"line":26,"column":8}},{"start":{"line":26,"column":8},"end":{"line":26,"column":8}}]},"2":{"line":38,"type":"if","locations":[{"start":{"line":38,"column":8},"end":{"line":38,"column":8}},{"start":{"line":38,"column":8},"end":{"line":38,"column":8}}]},"3":{"line":50,"type":"if","locations":[{"start":{"line":50,"column":8},"end":{"line":50,"column":8}},{"start":{"line":50,"column":8},"end":{"line":50,"column":8}}]},"4":{"line":62,"type":"if","locations":[{"start":{"line":62,"column":8},"end":{"line":62,"column":8}},{"start":{"line":62,"column":8},"end":{"line":62,"column":8}}]},"5":{"line":74,"type":"if","locations":[{"start":{"line":74,"column":8},"end":{"line":74,"column":8}},{"start":{"line":74,"column":8},"end":{"line":74,"column":8}}]},"6":{"line":86,"type":"if","locations":[{"start":{"line":86,"column":8},"end":{"line":86,"column":8}},{"start":{"line":86,"column":8},"end":{"line":86,"column":8}}]},"7":{"line":98,"type":"if","locations":[{"start":{"line":98,"column":8},"end":{"line":98,"column":8}},{"start":{"line":98,"column":8},"end":{"line":98,"column":8}}]},"8":{"line":112,"type":"if","locations":[{"start":{"line":112,"column":12},"end":{"line":112,"column":12}},{"start":{"line":112,"column":12},"end":{"line":112,"column":12}}]},"9":{"line":117,"type":"if","locations":[{"start":{"line":117,"column":8},"end":{"line":117,"column":8}},{"start":{"line":117,"column":8},"end":{"line":117,"column":8}}]},"10":{"line":131,"type":"if","locations":[{"start":{"line":131,"column":12},"end":{"line":131,"column":12}},{"start":{"line":131,"column":12},"end":{"line":131,"column":12}}]},"11":{"line":136,"type":"if","locations":[{"start":{"line":136,"column":8},"end":{"line":136,"column":8}},{"start":{"line":136,"column":8},"end":{"line":136,"column":8}}]},"12":{"line":150,"type":"if","locations":[{"start":{"line":150,"column":12},"end":{"line":150,"column":12}},{"start":{"line":150,"column":12},"end":{"line":150,"column":12}}]},"13":{"line":155,"type":"if","locations":[{"start":{"line":155,"column":8},"end":{"line":155,"column":8}},{"start":{"line":155,"column":8},"end":{"line":155,"column":8}}]},"14":{"line":167,"type":"if","locations":[{"start":{"line":167,"column":8},"end":{"line":167,"column":8}},{"start":{"line":167,"column":8},"end":{"line":167,"column":8}}]},"15":{"line":279,"type":"if","locations":[{"start":{"line":279,"column":8},"end":{"line":279,"column":8}},{"start":{"line":279,"column":8},"end":{"line":279,"column":8}}]},"16":{"line":283,"type":"if","locations":[{"start":{"line":283,"column":12},"end":{"line":283,"column":12}},{"start":{"line":283,"column":12},"end":{"line":283,"column":12}}]}}}}